[[  5. 174.]
 [  5. 173.]
 [  5. 173.]
 [  5. 172.]
 [  5. 170.]
 [  5. 168.]
 [  4. 165.]
 [  4. 161.]
 [  3. 158.]
 [  3. 153.]
 [  2. 148.]
 [  1. 139.]
 [  1. 131.]
 [  1. 121.]
 [  2. 112.]
 [  3.  97.]
 [  5.  88.]
 [  7.  80.]
 [  7.  74.]
 [  9.  67.]
 [ 10.  59.]
 [ 11.  52.]
 [ 12.  50.]
 [ 15.  46.]
 [ 17.  43.]
 [ 19.  43.]
 [ 20.  41.]
 [ 21.  41.]
 [ 22.  39.]
 [ 22.  38.]
 [ 22.  37.]
 [ 22.  37.]
 [ 22.  36.]
 [ 22.  36.]
 [ 22.  35.]
 [ 21.  35.]
 [ 22.  35.]
 [ 21.  34.]
 [ 21.  34.]
 [ 21.  33.]
 [ 21.  33.]
 [ 21.  33.]
 [ 21.  34.]
 [ 20.  34.]
 [ 19.  35.]
 [ 19.  35.]
 [ 18.  36.]
 [ 17.  38.]
 [ 17.  40.]
 [ 17.  43.]
 [ 15.  46.]
 [ 14.  48.]
 [ 13.  51.]
 [ 12.  55.]
 [ 13.  61.]
 [ 13.  64.]
 [ 12.  70.]
 [ 12.  76.]
 [ 11.  82.]
 [ 10.  88.]
 [ 10.  93.]
 [  8. 102.]
 [  7. 110.]
 [  6. 118.]
 [  5. 125.]
 [  4. 130.]
 [  3. 136.]
 [  1. 139.]
 [  1. 143.]
 [  0. 145.]
 [  1. 150.]
 [  2. 152.]
 [  2. 154.]
 [  4. 155.]
 [  5. 157.]
 [  5. 159.]
 [  6. 161.]
 [  7. 163.]
 [  7. 164.]
 [  7. 165.]
 [  7. 167.]
 [  8. 168.]
 [  8. 168.]
 [  8. 168.]
 [  8. 169.]
 [  8. 169.]
 [  8. 169.]
 [  8. 169.]
 [  8. 169.]
 [  7. 170.]
 [  7. 171.]
 [  6. 171.]
 [  6. 170.]
 [  6. 169.]
 [  5. 168.]
 [  5. 165.]
 [  4. 161.]
 [  4. 158.]
 [  3. 153.]
 [  3. 148.]
 [  3. 138.]
 [  2. 130.]
 [  1. 122.]
 [  0. 113.]
 [  1. 101.]
 [  2.  89.]
 [  4.  83.]
 [  6.  75.]
 [  7.  68.]
 [  9.  61.]
 [ 10.  57.]
 [ 10.  53.]
 [ 10.  52.]
 [ 12.  48.]
 [ 14.  44.]
 [ 16.  42.]
 [ 18.  42.]
 [ 19.  40.]
 [ 21.  39.]
 [ 21.  38.]
 [ 21.  37.]
 [ 22.  37.]
 [ 22.  36.]
 [ 22.  36.]
 [ 22.  36.]
 [ 22.  36.]
 [ 22.  35.]
 [ 22.  35.]
 [ 22.  35.]
 [ 22.  35.]
 [ 22.  35.]
 [ 22.  35.]
 [ 22.  35.]
 [ 22.  35.]
 [ 21.  35.]
 [ 20.  36.]
 [ 20.  36.]
 [ 19.  37.]
 [ 18.  38.]
 [ 17.  40.]
 [ 16.  44.]
 [ 14.  46.]
 [ 14.  48.]
 [ 12.  52.]
 [ 12.  58.]
 [ 11.  64.]
 [ 11.  71.]
 [ 11.  77.]
 [ 11.  83.]
 [ 11.  90.]
 [ 10.  98.]
 [  9. 105.]
 [  7. 112.]
 [  6. 122.]
 [  5. 129.]
 [  3. 132.]
 [  2. 138.]
 [  1. 141.]
 [  0. 145.]
 [  0. 148.]
 [  1. 149.]
 [  2. 151.]
 [  3. 154.]
 [  4. 156.]
 [  5. 157.]
 [  5. 159.]
 [  6. 161.]
 [  7. 163.]
 [  7. 165.]
 [  7. 166.]
 [  7. 168.]
 [  7. 169.]
 [  7. 169.]
 [  7. 170.]
 [  7. 170.]
 [  7. 171.]
 [  7. 171.]
 [  7. 171.]
 [  7. 171.]
 [  7. 171.]
 [  7. 171.]
 [  7. 171.]
 [  7. 172.]
 [  6. 171.]
 [  6. 169.]
 [  6. 168.]
 [  5. 165.]
 [  4. 161.]
 [  3. 159.]
 [  2. 154.]
 [  1. 150.]
 [  1. 145.]
 [  1. 139.]
 [  0. 131.]
 [  1. 124.]
 [  2. 117.]
 [  3. 105.]
 [  6.  94.]
 [  8.  88.]
 [  8.  77.]
 [  8.  71.]
 [ 10.  63.]
 [ 11.  59.]
 [ 11.  58.]
 [ 12.  52.]
 [ 13.  50.]
 [ 15.  45.]
 [ 17.  44.]
 [ 18.  42.]
 [ 20.  41.]
 [ 21.  40.]
 [ 22.  38.]
 [ 23.  38.]
 [ 23.  38.]
 [ 23.  37.]
 [ 23.  37.]
 [ 23.  37.]
 [ 23.  36.]
 [ 23.  36.]
 [ 23.  35.]
 [ 23.  35.]
 [ 23.  35.]
 [ 23.  34.]
 [ 23.  34.]
 [ 22.  34.]
 [ 22.  34.]
 [ 22.  34.]
 [ 21.  34.]
 [ 21.  35.]
 [ 20.  36.]
 [ 20.  37.]
 [ 19.  39.]
 [ 19.  42.]
 [ 18.  43.]
 [ 17.  46.]
 [ 16.  50.]
 [ 15.  53.]
 [ 14.  59.]
 [ 13.  64.]
 [ 13.  70.]
 [ 12.  77.]
 [ 12.  82.]
 [ 12.  90.]
 [ 10.  96.]
 [  9. 103.]
 [  8. 109.]
 [  7. 121.]
 [  6. 127.]
 [  5. 133.]
 [  4. 138.]
 [  2. 142.]
 [  1. 146.]
 [  1. 148.]
 [  0. 150.]
 [  1. 153.]
 [  2. 153.]
 [  2. 155.]
 [  3. 156.]
 [  4. 158.]
 [  4. 160.]
 [  4. 161.]
 [  4. 162.]
 [  4. 165.]
 [  4. 167.]
 [  4. 168.]
 [  4. 168.]
 [  5. 168.]
 [  5. 169.]
 [  5. 169.]
 [  5. 169.]
 [  6. 169.]
 [  6. 168.]
 [  6. 168.]
 [  6. 168.]
 [  6. 168.]
 [  6. 168.]
 [  7. 168.]
 [  7. 168.]
 [  7. 167.]
 [  7. 167.]
 [  7. 166.]
 [  8. 165.]
 [  8. 164.]
 [  9. 164.]
 [  9. 163.]
 [  9. 163.]
 [  9. 163.]
 [  9. 163.]
 [  9. 164.]
 [  9. 164.]
 [  9. 164.]
 [  9. 164.]
 [  8. 165.]
 [  8. 165.]
 [  8. 165.]
 [  8. 165.]
 [  8. 165.]
 [  8. 165.]
 [  8. 165.]
 [  8. 165.]
 [  8. 165.]
 [  8. 165.]
 [  8. 165.]
 [  8. 165.]
 [  8. 165.]
 [  8. 165.]
 [  8. 166.]
 [  8. 166.]
 [  8. 166.]
 [  8. 166.]
 [  8. 166.]
 [  8. 167.]
 [  8. 167.]
 [  8. 167.]
 [  8. 167.]
 [  8. 168.]
 [  8. 168.]
 [  8. 168.]
 [  8. 168.]
 [  8. 168.]
 [  7. 168.]
 [  7. 169.]
 [  7. 169.]
 [  7. 168.]
 [  7. 168.]
 [  6. 166.]
 [  6. 163.]
 [  6. 159.]
 [  6. 156.]
 [  6. 152.]
 [  6. 149.]
 [  6. 144.]
 [  7. 136.]
 [  7. 129.]
 [  7. 120.]
 [  8. 109.]
 [  8.  96.]
 [  8.  84.]
 [  8.  76.]
 [  8.  66.]
 [  8.  60.]
 [  8.  55.]
 [  8.  51.]
 [  7.  46.]
 [  7.  44.]
 [  7.  44.]
 [  7.  43.]
 [  7.  41.]
 [  6.  40.]
 [  6.  39.]
 [  6.  38.]
 [  6.  38.]
 [  6.  38.]
 [  6.  37.]
 [  5.  38.]
 [  5.  37.]
 [  5.  37.]
 [  5.  37.]
 [  5.  37.]
 [  5.  37.]
 [  5.  37.]
 [  5.  38.]
 [  6.  40.]
 [  6.  42.]
 [  7.  47.]
 [  7.  51.]
 [  7.  55.]
 [  7.  60.]
 [  7.  68.]
 [  8.  75.]
 [  8.  82.]
 [  8.  90.]
 [  8. 102.]
 [  8. 110.]
 [  8. 116.]
 [  8. 121.]
 [  8. 126.]
 [  8. 129.]
 [  8. 133.]
 [  8. 136.]
 [  8. 140.]
 [  8. 144.]
 [  8. 146.]
 [  8. 148.]
 [  8. 150.]
 [  8. 152.]
 [  8. 153.]
 [  8. 154.]
 [  8. 156.]
 [  8. 159.]
 [  8. 160.]
 [  8. 162.]
 [  8. 163.]
 [  8. 165.]
 [  8. 166.]
 [  7. 168.]
 [  7. 169.]
 [  7. 170.]
 [  7. 170.]
 [  7. 171.]
 [  7. 171.]
 [  7. 172.]
 [  7. 172.]
 [  7. 173.]
 [  7. 173.]
 [  7. 174.]
 [  7. 174.]
 [  7. 174.]
 [  7. 175.]
 [  7. 175.]
 [  7. 175.]
 [  7. 175.]
 [  7. 174.]
 [  7. 174.]
 [  7. 172.]
 [  8. 171.]
 [  8. 169.]
 [  8. 168.]
 [  7. 167.]
 [  7. 165.]
 [  7. 162.]
 [  8. 159.]
 [  7. 156.]
 [  8. 152.]
 [  8. 146.]
 [  9. 141.]
 [  9. 133.]
 [  9. 126.]
 [  9. 115.]
 [  9. 106.]
 [  9.  96.]
 [  9.  83.]
 [  9.  73.]
 [ 10.  61.]
 [  9.  55.]
 [  9.  50.]
 [  8.  47.]
 [  8.  46.]
 [  8.  44.]
 [  8.  43.]
 [  7.  41.]
 [  7.  40.]
 [  6.  38.]]